TN:
SF:src/constants.ts
FN:1,(anonymous_0)
FNF:1
FNH:1
FNDA:1,(anonymous_0)
DA:1,1
DA:2,1
DA:3,1
DA:6,1
DA:21,1
DA:22,1
DA:24,1
DA:25,1
DA:27,1
DA:29,1
DA:31,1
DA:33,1
LF:12
LH:12
BRDA:1,0,0,1
BRDA:1,0,1,1
BRDA:29,1,0,1
BRDA:29,1,1,1
BRDA:31,2,0,1
BRDA:31,2,1,1
BRDA:34,3,0,1
BRDA:34,3,1,1
BRF:8
BRH:8
end_of_record
TN:
SF:src/config/permissions.ts
FNF:0
FNH:0
DA:1,1
DA:3,1
DA:22,1
DA:75,1
LF:4
LH:4
BRF:0
BRH:0
end_of_record
TN:
SF:src/store/store.const.ts
FN:1,(anonymous_0)
FNF:1
FNH:1
FNDA:1,(anonymous_0)
DA:1,1
DA:2,1
DA:3,1
DA:4,1
DA:5,1
DA:6,1
DA:7,1
DA:8,1
DA:9,1
DA:10,1
DA:11,1
DA:12,1
DA:13,1
DA:14,1
DA:15,1
DA:16,1
LF:16
LH:16
BRDA:1,0,0,1
BRDA:1,0,1,1
BRF:2
BRH:2
end_of_record
TN:
SF:src/store/store.types.ts
FN:3,(anonymous_0)
FNF:1
FNH:1
FNDA:1,(anonymous_0)
DA:3,1
DA:4,1
DA:5,1
DA:6,1
DA:7,1
LF:5
LH:5
BRDA:3,0,0,1
BRDA:3,0,1,1
BRF:2
BRH:2
end_of_record
TN:
SF:src/store/store.utils.ts
FN:7,(anonymous_0)
FN:8,(anonymous_1)
FN:11,(anonymous_2)
FNF:3
FNH:0
FNDA:0,(anonymous_0)
FNDA:0,(anonymous_1)
FNDA:0,(anonymous_2)
DA:7,1
DA:8,1
DA:9,0
DA:11,1
DA:12,0
DA:13,0
DA:16,0
DA:17,0
DA:20,0
LF:9
LH:3
BRDA:12,0,0,0
BRDA:16,1,0,0
BRF:2
BRH:0
end_of_record
TN:
SF:src/store/auth/auth.slice.ts
FN:14,(anonymous_0)
FN:20,(anonymous_1)
FN:24,(anonymous_2)
FN:28,(anonymous_3)
FN:32,(anonymous_4)
FN:34,(anonymous_5)
FNF:6
FNH:0
FNDA:0,(anonymous_0)
FNDA:0,(anonymous_1)
FNDA:0,(anonymous_2)
FNDA:0,(anonymous_3)
FNDA:0,(anonymous_4)
FNDA:0,(anonymous_5)
DA:1,1
DA:2,1
DA:4,1
DA:5,1
DA:8,1
DA:10,1
DA:15,0
DA:21,0
DA:22,0
DA:25,0
DA:26,0
DA:29,0
DA:35,0
DA:40,1
DA:41,1
LF:15
LH:8
BRF:0
BRH:0
end_of_record
TN:
SF:src/store/auth/auth.state.ts
FN:7,(anonymous_0)
FNF:1
FNH:1
FNDA:1,(anonymous_0)
DA:1,1
DA:3,1
DA:8,1
DA:9,1
LF:4
LH:4
BRF:0
BRH:0
end_of_record
TN:
SF:src/store/notifications/notifications.adapter.ts
FN:11,(anonymous_0)
FN:14,(anonymous_1)
FN:18,(anonymous_2)
FNF:3
FNH:0
FNDA:0,(anonymous_0)
FNDA:0,(anonymous_1)
FNDA:0,(anonymous_2)
DA:1,1
DA:2,1
DA:6,1
DA:11,1
DA:12,0
DA:14,1
DA:15,0
DA:17,1
DA:18,0
LF:9
LH:6
BRDA:15,0,0,0
BRDA:15,0,1,0
BRDA:15,1,0,0
BRDA:15,1,1,0
BRF:4
BRH:0
end_of_record
TN:
SF:src/store/notifications/notifications.slice.ts
FN:17,(anonymous_0)
FN:37,(anonymous_1)
FNF:2
FNH:0
FNDA:0,(anonymous_0)
FNDA:0,(anonymous_1)
DA:1,1
DA:2,1
DA:4,1
DA:5,1
DA:7,1
DA:8,1
DA:11,1
DA:13,1
DA:23,0
DA:24,0
DA:26,0
DA:29,0
DA:41,0
DA:55,1
DA:57,1
LF:15
LH:10
BRDA:23,0,0,0
BRDA:23,0,1,0
BRDA:43,1,0,0
BRDA:43,1,1,0
BRF:4
BRH:0
end_of_record
TN:
SF:src/store/offering/offering.selectors.ts
FN:7,(anonymous_0)
FN:11,(anonymous_1)
FN:16,(anonymous_2)
FN:21,(anonymous_3)
FN:26,(anonymous_4)
FN:31,(anonymous_5)
FN:36,(anonymous_6)
FN:41,(anonymous_7)
FN:46,(anonymous_8)
FNF:9
FNH:0
FNDA:0,(anonymous_0)
FNDA:0,(anonymous_1)
FNDA:0,(anonymous_2)
FNDA:0,(anonymous_3)
FNDA:0,(anonymous_4)
FNDA:0,(anonymous_5)
FNDA:0,(anonymous_6)
FNDA:0,(anonymous_7)
FNDA:0,(anonymous_8)
DA:1,1
DA:2,1
DA:5,1
DA:7,1
DA:9,1
DA:11,0
DA:14,1
DA:16,0
DA:19,1
DA:21,0
DA:24,1
DA:26,0
DA:29,1
DA:31,0
DA:34,1
DA:36,0
DA:39,1
DA:41,0
DA:44,1
DA:47,0
DA:49,0
LF:21
LH:12
BRDA:47,0,0,0
BRF:1
BRH:0
end_of_record
TN:
SF:src/store/user/user.saga.ts
FN:15,fetchUserProfileSaga
FN:32,fetchUnreadMessagesSaga
FN:53,fetchUserOfferingsSaga
FN:78,fetchUserRoles
FN:102,userSaga
FNF:5
FNH:4
FNDA:2,fetchUserProfileSaga
FNDA:2,fetchUnreadMessagesSaga
FNDA:2,fetchUserOfferingsSaga
FNDA:2,fetchUserRoles
FNDA:0,userSaga
DA:1,1
DA:2,1
DA:10,1
DA:11,1
DA:12,1
DA:13,1
DA:15,1
DA:16,2
DA:18,2
DA:19,2
DA:20,1
DA:22,1
DA:23,1
DA:32,1
DA:33,2
DA:34,2
DA:36,2
DA:37,2
DA:41,1
DA:44,1
DA:53,1
DA:54,2
DA:56,2
DA:57,2
DA:59,1
DA:60,1
DA:64,1
DA:68,1
DA:69,1
DA:78,1
DA:79,2
DA:81,2
DA:82,2
DA:84,2
DA:85,2
DA:90,1
DA:92,1
DA:93,1
DA:102,1
DA:103,0
LF:40
LH:39
BRDA:36,0,0,2
BRDA:81,1,0,0
BRF:2
BRH:1
end_of_record
TN:
SF:src/store/user/user.selectors.ts
FN:6,(anonymous_0)
FN:10,(anonymous_1)
FN:15,(anonymous_2)
FN:20,(anonymous_3)
FN:25,(anonymous_4)
FN:30,(anonymous_5)
FN:35,(anonymous_6)
FN:36,(anonymous_7)
FN:39,(anonymous_8)
FN:47,(anonymous_9)
FN:47,(anonymous_10)
FN:52,(anonymous_11)
FN:57,(anonymous_12)
FN:62,(anonymous_13)
FN:62,(anonymous_14)
FN:67,(anonymous_15)
FN:72,(anonymous_16)
FN:77,(anonymous_17)
FNF:18
FNH:0
FNDA:0,(anonymous_0)
FNDA:0,(anonymous_1)
FNDA:0,(anonymous_2)
FNDA:0,(anonymous_3)
FNDA:0,(anonymous_4)
FNDA:0,(anonymous_5)
FNDA:0,(anonymous_6)
FNDA:0,(anonymous_7)
FNDA:0,(anonymous_8)
FNDA:0,(anonymous_9)
FNDA:0,(anonymous_10)
FNDA:0,(anonymous_11)
FNDA:0,(anonymous_12)
FNDA:0,(anonymous_13)
FNDA:0,(anonymous_14)
FNDA:0,(anonymous_15)
FNDA:0,(anonymous_16)
FNDA:0,(anonymous_17)
DA:1,1
DA:2,1
DA:4,1
DA:6,1
DA:8,1
DA:10,0
DA:13,1
DA:15,0
DA:18,1
DA:20,0
DA:23,1
DA:25,0
DA:28,1
DA:30,0
DA:33,1
DA:36,0
DA:39,0
DA:45,1
DA:47,0
DA:50,1
DA:52,0
DA:55,1
DA:57,0
DA:60,1
DA:62,0
DA:65,1
DA:67,0
DA:70,1
DA:72,0
DA:75,1
DA:77,0
LF:31
LH:17
BRF:0
BRH:0
end_of_record
TN:
SF:src/store/user/user.slice.ts
FN:22,(anonymous_0)
FN:23,(anonymous_1)
FN:26,(anonymous_2)
FN:33,(anonymous_3)
FN:39,(anonymous_4)
FN:43,(anonymous_5)
FN:44,(anonymous_6)
FN:47,(anonymous_7)
FN:51,(anonymous_8)
FN:55,(anonymous_9)
FN:56,(anonymous_10)
FN:59,(anonymous_11)
FN:63,(anonymous_12)
FN:68,(anonymous_13)
FN:72,(anonymous_14)
FN:74,(anonymous_15)
FN:75,(anonymous_16)
FNF:17
FNH:12
FNDA:0,(anonymous_0)
FNDA:2,(anonymous_1)
FNDA:1,(anonymous_2)
FNDA:1,(anonymous_3)
FNDA:1,(anonymous_4)
FNDA:0,(anonymous_5)
FNDA:2,(anonymous_6)
FNDA:1,(anonymous_7)
FNDA:1,(anonymous_8)
FNDA:0,(anonymous_9)
FNDA:2,(anonymous_10)
FNDA:1,(anonymous_11)
FNDA:1,(anonymous_12)
FNDA:1,(anonymous_13)
FNDA:0,(anonymous_14)
FNDA:1,(anonymous_15)
FNDA:0,(anonymous_16)
DA:1,1
DA:9,1
DA:11,1
DA:12,1
DA:13,1
DA:16,1
DA:18,1
DA:24,2
DA:30,1
DA:31,1
DA:37,1
DA:40,1
DA:45,2
DA:48,1
DA:49,1
DA:52,1
DA:57,2
DA:60,1
DA:61,1
DA:64,1
DA:65,1
DA:69,1
DA:72,0
DA:75,1
DA:76,0
DA:81,1
DA:82,1
LF:27
LH:25
BRF:0
BRH:0
end_of_record
TN:
SF:src/store/user/user.state.ts
FNF:0
FNH:0
DA:8,1
DA:10,1
DA:12,2
DA:13,2
DA:15,2
DA:16,2
DA:17,2
DA:19,2
DA:20,2
LF:9
LH:9
BRF:0
BRH:0
end_of_record
TN:
SF:src/store/user/user.utils.ts
FN:11,(anonymous_0)
FN:12,(anonymous_1)
FN:14,(anonymous_2)
FNF:3
FNH:0
FNDA:0,(anonymous_0)
FNDA:0,(anonymous_1)
FNDA:0,(anonymous_2)
DA:1,1
DA:7,1
DA:11,1
DA:12,0
DA:13,0
DA:14,0
DA:18,0
DA:21,0
DA:23,0
DA:25,0
LF:10
LH:3
BRF:0
BRH:0
end_of_record
